<?xml version="1.0" encoding="UTF-8"?>
<testng-results skipped="0" failed="0" ignored="0" total="0" passed="0">
  <reporter-output>
  </reporter-output>
  <suite name="demotest.sampletest.AppTest" duration-ms="30" started-at="2019-09-18T10:13:43Z" finished-at="2019-09-18T10:13:43Z">
    <groups>
    </groups>
    <test name="Command line test" duration-ms="30" started-at="2019-09-18T10:13:43Z" finished-at="2019-09-18T10:13:43Z">
    </test> <!-- Command line test -->
  </suite> <!-- demotest.sampletest.AppTest -->
</testng-results>
